Arguments: 
  C:\Program Files\nodejs\node.exe C:\Users\csitika\AppData\Roaming\npm\node_modules\yarn\bin\yarn.js start

PATH: 
  C:\ProgramData\Oracle\Java\javapath;C:\WINDOWS\system32;C:\WINDOWS;C:\WINDOWS\System32\Wbem;C:\WINDOWS\System32\WindowsPowerShell\v1.0\;C:\Program Files\Git\cmd;C:\Program Files\nodejs\;C:\Program Files\Microsoft SQL Server\Client SDK\ODBC\130\Tools\Binn\;C:\Program Files (x86)\Microsoft SQL Server\140\Tools\Binn\;C:\Program Files\Microsoft SQL Server\140\Tools\Binn\;C:\Program Files\Microsoft SQL Server\140\DTS\Binn\;C:\Program Files (x86)\Microsoft SQL Server\Client SDK\ODBC\130\Tools\Binn\;C:\Program Files (x86)\Microsoft SQL Server\140\DTS\Binn\;C:\Program Files (x86)\Microsoft SQL Server\140\Tools\Binn\ManagementStudio\;C:\Program Files\SASHome\x86\Secure\ccme4;C:\Program Files\SASHome\Secure\ccme4;C:\Program Files\erl9.2\bin;C:\Program Files (x86)\Elixir\bin;C:\WINDOWS\system32\config\systemprofile\.mix\escripts;C:\Program Files\PostgreSQL\10\bin;C:\Users\csitika\.cargo\bin;C:\Users\csitika\AppData\Local\Programs\Python\Python36-32\Scripts\;C:\Users\csitika\AppData\Local\Programs\Python\Python36-32\;C:\Users\csitika\AppData\Local\Microsoft\WindowsApps;C:\Program Files (x86)\Microsoft VS Code\bin;C:\Users\csitika\.lein\bin;C:\Users\csitika\AppData\Local\atom\bin;C:\Users\csitika\AppData\Roaming\npm;C:\Users\csitika\AppData\Local\Microsoft\WindowsApps;C:\Program Files\PostgreSQL\10\bin;

Yarn version: 
  1.5.1

Node version: 
  6.11.3

Platform: 
  win32 x64

npm manifest: 
  {
    "name": "sollib_frontend",
    "version": "1.0.0",
    "description": "solution library frontend implementation",
    "main": "/client//index.js",
    "author": "Norbert Braun",
    "license": "MIT",
    "scripts": {
      "start": "webpack-dev-server --mode development"
    },
    "dependencies": {
      "axios": "^0.18.0",
      "bootstrap": "^4.0.0",
      "html-webpack-plugin": "webpack-contrib/html-webpack-plugin",
      "path": "^0.12.7",
      "prop-types": "^15.6.1",
      "react": "^16.2.0",
      "react-dom": "^16.2.0",
      "react-redux": "^5.0.7",
      "react-router": "^4.2.0",
      "redux": "^3.7.2",
      "redux-thunk": "^2.2.0",
      "webpack": "^4.0.1",
      "webpack-dev-server": "^3.0.0"
    },
    "devDependencies": {
      "babel-core": "^6.26.0",
      "babel-loader": "^7.1.3",
      "babel-preset-es2015": "^6.24.1",
      "babel-preset-react": "^6.24.1",
      "webpack-cli": "^2.0.9"
    }
  }

yarn manifest: 
  No manifest

Lockfile: 
  No lockfile

Trace: 
  Error: Command failed.
  Exit code: 1
  Command: C:\WINDOWS\system32\cmd.exe
  Arguments: /d /s /c webpack-dev-server --mode development
  Directory: C:\Users\csitika\Desktop\dev\rust\thesis\solution_lib_frontend\sollib_frontend
  Output:
  
      at ProcessTermError.Error (native)
      at ProcessTermError.MessageError (C:\Users\csitika\AppData\Roaming\npm\node_modules\yarn\lib\cli.js:186:110)
      at new ProcessTermError (C:\Users\csitika\AppData\Roaming\npm\node_modules\yarn\lib\cli.js:226:113)
      at ChildProcess.<anonymous> (C:\Users\csitika\AppData\Roaming\npm\node_modules\yarn\lib\cli.js:30281:17)
      at emitTwo (events.js:106:13)
      at ChildProcess.emit (events.js:191:7)
      at maybeClose (internal/child_process.js:920:16)
      at Process.ChildProcess._handle.onexit (internal/child_process.js:230:5)
